<?xml version="1.0" encoding="UTF-8" ?>
<testsuite tests="6" failures="0" name="com.sg.jdbctcomplexexample.dao.MeetingDaoDBTest" time="0.484" errors="0" skipped="0">
  <properties>
[...]
</properties>
  <testcase classname="com.sg.jdbctcomplexexample.dao.MeetingDaoDBTest" name="testGetMeetingsForEmployee" time="0.38"/>
  <testcase classname="com.sg.jdbctcomplexexample.dao.MeetingDaoDBTest" name="testAddGetMeeting" time="0.025"/>
  <testcase classname="com.sg.jdbctcomplexexample.dao.MeetingDaoDBTest" name="testGetMeetingsForRoom" time="0.021"/>
  <testcase classname="com.sg.jdbctcomplexexample.dao.MeetingDaoDBTest" name="testDeleteMeetingById" time="0.018"/>
  <testcase classname="com.sg.jdbctcomplexexample.dao.MeetingDaoDBTest" name="testUpdateMeeting" time="0.021"/>
  <testcase classname="com.sg.jdbctcomplexexample.dao.MeetingDaoDBTest" name="testGetAllMeetings" time="0.019"/>
</testsuite>